[2020-06-25 13:42:39 KITTIloader2015.py:33] INFO     [172  83 133  95  27 180 117  12  69 115  37  34  70  76 193 166  64 118
  97 196 127 186  54 124  84 134  82  85 139 149  92  74  73   0 107  99
 181 154  88 108]
[2020-06-25 13:42:39 finetune.py:94] INFO     channels_3d: 4
[2020-06-25 13:42:39 finetune.py:94] INFO     datapath: path-to-kitti2015/training/
[2020-06-25 13:42:39 finetune.py:94] INFO     datatype: 2015
[2020-06-25 13:42:39 finetune.py:94] INFO     dividedispby: 256
[2020-06-25 13:42:39 finetune.py:94] INFO     epochs: 15
[2020-06-25 13:42:39 finetune.py:94] INFO     evaluate: False
[2020-06-25 13:42:39 finetune.py:94] INFO     growth_rate: [4, 1, 1]
[2020-06-25 13:42:39 finetune.py:94] INFO     init_channels: 1
[2020-06-25 13:42:39 finetune.py:94] INFO     layers_3d: 4
[2020-06-25 13:42:39 finetune.py:94] INFO     loss_weights: [0.25, 0.5, 1.0, 1.0]
[2020-06-25 13:42:39 finetune.py:94] INFO     lr: 0.0005
[2020-06-25 13:42:39 finetune.py:94] INFO     max_disparity: 192
[2020-06-25 13:42:39 finetune.py:94] INFO     maxdisp: 192
[2020-06-25 13:42:39 finetune.py:94] INFO     maxdisplist: [12, 3, 3]
[2020-06-25 13:42:39 finetune.py:94] INFO     nblocks: 2
[2020-06-25 13:42:39 finetune.py:94] INFO     outdir: /home/haahm/Output_disparity_images/kitti2015
[2020-06-25 13:42:39 finetune.py:94] INFO     pretrained: checkpoint/kitti2015_ck/checkpoint.tar
[2020-06-25 13:42:39 finetune.py:94] INFO     print_freq: 5
[2020-06-25 13:42:39 finetune.py:94] INFO     resume: checkpoint/kitti2015_ck/checkpoint_2.tar
[2020-06-25 13:42:39 finetune.py:94] INFO     save_path: checkpoint/kitti2015_ck/
[2020-06-25 13:42:39 finetune.py:94] INFO     split_file: None
[2020-06-25 13:42:39 finetune.py:94] INFO     spn_init_channels: 8
[2020-06-25 13:42:39 finetune.py:94] INFO     start_epoch_for_spn: 121
[2020-06-25 13:42:39 finetune.py:94] INFO     test_bsize: 8
[2020-06-25 13:42:39 finetune.py:94] INFO     testheight: 368
[2020-06-25 13:42:39 finetune.py:94] INFO     testwidth: 1232
[2020-06-25 13:42:39 finetune.py:94] INFO     train_bsize: 6
[2020-06-25 13:42:39 finetune.py:94] INFO     with_spn: True
[2020-06-25 13:42:40 finetune.py:107] INFO     Number of model parameters: 43269
[2020-06-25 13:42:40 finetune.py:114] INFO     => loaded pretrained model 'checkpoint/kitti2015_ck/checkpoint.tar'
[2020-06-25 13:42:40 finetune.py:129] INFO     => no checkpoint found at 'checkpoint/kitti2015_ck/checkpoint_2.tar'
[2020-06-25 13:42:40 finetune.py:130] INFO     => Will start from scratch.
[2020-06-25 13:42:40 finetune.py:140] INFO     This is 0-th epoch
[2020-06-25 13:42:43 finetune.py:221] INFO     Epoch0 [1/27] Stage 0 = 0.32(0.41)	Stage 1 = 0.65(0.83)	Stage 2 = 1.14(1.48)
[2020-06-25 13:42:43 finetune.py:221] INFO     Epoch0 [2/27] Stage 0 = 0.25(0.36)	Stage 1 = 0.57(0.74)	Stage 2 = 0.96(1.31)
[2020-06-25 13:42:43 finetune.py:221] INFO     Epoch0 [3/27] Stage 0 = 0.36(0.36)	Stage 1 = 0.68(0.73)	Stage 2 = 1.15(1.27)
[2020-06-25 13:42:43 finetune.py:221] INFO     Epoch0 [4/27] Stage 0 = 0.37(0.36)	Stage 1 = 0.70(0.72)	Stage 2 = 1.09(1.23)
[2020-06-25 13:42:43 finetune.py:221] INFO     Epoch0 [6/27] Stage 0 = 0.51(0.37)	Stage 1 = 1.07(0.77)	Stage 2 = 1.94(1.32)
[2020-06-25 13:42:43 finetune.py:221] INFO     Epoch0 [7/27] Stage 0 = 0.31(0.37)	Stage 1 = 0.61(0.75)	Stage 2 = 1.03(1.29)
[2020-06-25 13:42:43 finetune.py:221] INFO     Epoch0 [8/27] Stage 0 = 0.40(0.37)	Stage 1 = 0.71(0.75)	Stage 2 = 1.17(1.27)
[2020-06-25 13:42:43 finetune.py:221] INFO     Epoch0 [9/27] Stage 0 = 0.42(0.38)	Stage 1 = 0.83(0.76)	Stage 2 = 1.47(1.29)
[2020-06-25 13:42:44 finetune.py:221] INFO     Epoch0 [11/27] Stage 0 = 0.38(0.38)	Stage 1 = 0.64(0.76)	Stage 2 = 1.03(1.28)
[2020-06-25 13:42:44 finetune.py:221] INFO     Epoch0 [12/27] Stage 0 = 0.40(0.38)	Stage 1 = 0.70(0.75)	Stage 2 = 1.13(1.27)
[2020-06-25 13:42:44 finetune.py:221] INFO     Epoch0 [13/27] Stage 0 = 0.50(0.39)	Stage 1 = 0.91(0.76)	Stage 2 = 1.69(1.30)
[2020-06-25 13:42:44 finetune.py:221] INFO     Epoch0 [14/27] Stage 0 = 0.35(0.39)	Stage 1 = 0.57(0.75)	Stage 2 = 1.00(1.28)
[2020-06-25 13:42:44 finetune.py:221] INFO     Epoch0 [16/27] Stage 0 = 0.35(0.38)	Stage 1 = 0.60(0.72)	Stage 2 = 0.97(1.23)
[2020-06-25 13:42:44 finetune.py:221] INFO     Epoch0 [17/27] Stage 0 = 0.52(0.39)	Stage 1 = 0.96(0.74)	Stage 2 = 1.62(1.25)
[2020-06-25 13:42:44 finetune.py:221] INFO     Epoch0 [18/27] Stage 0 = 0.24(0.38)	Stage 1 = 0.48(0.72)	Stage 2 = 0.88(1.23)
[2020-06-25 13:42:45 finetune.py:221] INFO     Epoch0 [19/27] Stage 0 = 0.31(0.38)	Stage 1 = 0.54(0.71)	Stage 2 = 0.89(1.21)
[2020-06-25 13:42:45 finetune.py:221] INFO     Epoch0 [21/27] Stage 0 = 0.34(0.37)	Stage 1 = 0.69(0.71)	Stage 2 = 1.25(1.21)
[2020-06-25 13:42:45 finetune.py:221] INFO     Epoch0 [22/27] Stage 0 = 0.43(0.37)	Stage 1 = 0.76(0.71)	Stage 2 = 1.12(1.21)
[2020-06-25 13:42:45 finetune.py:221] INFO     Epoch0 [23/27] Stage 0 = 0.35(0.37)	Stage 1 = 0.69(0.71)	Stage 2 = 1.16(1.21)
[2020-06-25 13:42:45 finetune.py:221] INFO     Epoch0 [24/27] Stage 0 = 0.43(0.38)	Stage 1 = 0.83(0.72)	Stage 2 = 1.45(1.22)
[2020-06-25 13:42:45 finetune.py:221] INFO     Epoch0 [26/27] Stage 0 = 0.33(0.37)	Stage 1 = 0.61(0.71)	Stage 2 = 0.99(1.21)
[2020-06-25 13:42:45 finetune.py:223] INFO     Average train loss = Stage 0 = 0.37	Stage 1 = 0.71	Stage 2 = 1.21	Stage 3 = 0.00
[2020-06-25 13:42:46 finetune.py:321] INFO     [0/5] Stage 0 = 0.1186(0.1186)	Stage 1 = 0.1050(0.1050)	Stage 2 = 0.0758(0.0758)	Stage 3 = 0.0679(0.0679)
[2020-06-25 13:42:47 finetune.py:321] INFO     [1/5] Stage 0 = 0.1553(0.1369)	Stage 1 = 0.1336(0.1193)	Stage 2 = 0.0985(0.0871)	Stage 3 = 0.0901(0.0790)
[2020-06-25 13:42:47 finetune.py:321] INFO     [2/5] Stage 0 = 0.1252(0.1330)	Stage 1 = 0.1043(0.1143)	Stage 2 = 0.0769(0.0837)	Stage 3 = 0.0712(0.0764)
[2020-06-25 13:42:47 finetune.py:321] INFO     [3/5] Stage 0 = 0.1224(0.1304)	Stage 1 = 0.0970(0.1100)	Stage 2 = 0.0636(0.0787)	Stage 3 = 0.0565(0.0714)
[2020-06-25 13:42:47 finetune.py:321] INFO     [4/5] Stage 0 = 0.1394(0.1322)	Stage 1 = 0.1145(0.1109)	Stage 2 = 0.0733(0.0776)	Stage 3 = 0.0679(0.0707)
[2020-06-25 13:42:47 finetune.py:324] INFO     Average test 3-Pixel Error = Stage 0=0.1322, Stage 1=0.1109, Stage 2=0.0776, Stage 3=0.0707
[2020-06-25 13:42:47 finetune.py:140] INFO     This is 1-th epoch
[2020-06-25 13:42:48 finetune.py:221] INFO     Epoch1 [1/27] Stage 0 = 0.44(0.41)	Stage 1 = 0.82(0.73)	Stage 2 = 1.37(1.23)
[2020-06-25 13:42:48 finetune.py:221] INFO     Epoch1 [2/27] Stage 0 = 0.44(0.42)	Stage 1 = 0.82(0.76)	Stage 2 = 1.44(1.30)
[2020-06-25 13:42:48 finetune.py:221] INFO     Epoch1 [3/27] Stage 0 = 0.33(0.39)	Stage 1 = 0.58(0.71)	Stage 2 = 0.96(1.22)
[2020-06-25 13:42:49 finetune.py:221] INFO     Epoch1 [4/27] Stage 0 = 0.31(0.38)	Stage 1 = 0.58(0.69)	Stage 2 = 0.98(1.17)
[2020-06-25 13:42:49 finetune.py:221] INFO     Epoch1 [6/27] Stage 0 = 0.36(0.36)	Stage 1 = 0.65(0.66)	Stage 2 = 1.10(1.13)
[2020-06-25 13:42:49 finetune.py:221] INFO     Epoch1 [7/27] Stage 0 = 0.43(0.37)	Stage 1 = 0.80(0.68)	Stage 2 = 1.38(1.16)
[2020-06-25 13:42:49 finetune.py:221] INFO     Epoch1 [8/27] Stage 0 = 0.38(0.37)	Stage 1 = 0.69(0.68)	Stage 2 = 1.08(1.15)
[2020-06-25 13:42:49 finetune.py:221] INFO     Epoch1 [9/27] Stage 0 = 0.26(0.36)	Stage 1 = 0.48(0.66)	Stage 2 = 0.82(1.12)
[2020-06-25 13:42:49 finetune.py:221] INFO     Epoch1 [11/27] Stage 0 = 0.31(0.35)	Stage 1 = 0.56(0.65)	Stage 2 = 0.87(1.09)
[2020-06-25 13:42:50 finetune.py:221] INFO     Epoch1 [12/27] Stage 0 = 0.47(0.36)	Stage 1 = 0.90(0.67)	Stage 2 = 1.46(1.12)
[2020-06-25 13:42:50 finetune.py:221] INFO     Epoch1 [13/27] Stage 0 = 0.36(0.36)	Stage 1 = 0.63(0.67)	Stage 2 = 0.96(1.11)
[2020-06-25 13:42:50 finetune.py:221] INFO     Epoch1 [14/27] Stage 0 = 0.36(0.36)	Stage 1 = 0.69(0.67)	Stage 2 = 1.14(1.11)
[2020-06-25 13:42:50 finetune.py:221] INFO     Epoch1 [16/27] Stage 0 = 0.36(0.36)	Stage 1 = 0.63(0.66)	Stage 2 = 1.02(1.10)
[2020-06-25 13:42:50 finetune.py:221] INFO     Epoch1 [17/27] Stage 0 = 0.37(0.36)	Stage 1 = 0.67(0.66)	Stage 2 = 1.11(1.10)
[2020-06-25 13:42:50 finetune.py:221] INFO     Epoch1 [18/27] Stage 0 = 0.33(0.36)	Stage 1 = 0.62(0.66)	Stage 2 = 1.10(1.10)
[2020-06-25 13:42:51 finetune.py:221] INFO     Epoch1 [19/27] Stage 0 = 0.29(0.35)	Stage 1 = 0.53(0.65)	Stage 2 = 0.98(1.10)
[2020-06-25 13:42:51 finetune.py:221] INFO     Epoch1 [21/27] Stage 0 = 0.28(0.35)	Stage 1 = 0.55(0.65)	Stage 2 = 0.92(1.09)
[2020-06-25 13:42:51 finetune.py:221] INFO     Epoch1 [22/27] Stage 0 = 0.41(0.35)	Stage 1 = 0.78(0.65)	Stage 2 = 1.25(1.09)
[2020-06-25 13:42:51 finetune.py:221] INFO     Epoch1 [23/27] Stage 0 = 0.34(0.35)	Stage 1 = 0.63(0.65)	Stage 2 = 1.09(1.09)
[2020-06-25 13:42:51 finetune.py:221] INFO     Epoch1 [24/27] Stage 0 = 0.37(0.35)	Stage 1 = 0.76(0.66)	Stage 2 = 1.35(1.10)
[2020-06-25 13:42:52 finetune.py:221] INFO     Epoch1 [26/27] Stage 0 = 0.23(0.35)	Stage 1 = 0.46(0.65)	Stage 2 = 0.74(1.10)
[2020-06-25 13:42:52 finetune.py:223] INFO     Average train loss = Stage 0 = 0.35	Stage 1 = 0.65	Stage 2 = 1.10	Stage 3 = 0.00
[2020-06-25 13:42:53 finetune.py:321] INFO     [0/5] Stage 0 = 0.1193(0.1193)	Stage 1 = 0.1076(0.1076)	Stage 2 = 0.0764(0.0764)	Stage 3 = 0.0699(0.0699)
[2020-06-25 13:42:53 finetune.py:321] INFO     [1/5] Stage 0 = 0.1419(0.1306)	Stage 1 = 0.1272(0.1174)	Stage 2 = 0.0949(0.0856)	Stage 3 = 0.0881(0.0790)
[2020-06-25 13:42:53 finetune.py:321] INFO     [2/5] Stage 0 = 0.1219(0.1277)	Stage 1 = 0.1048(0.1132)	Stage 2 = 0.0745(0.0819)	Stage 3 = 0.0690(0.0757)
[2020-06-25 13:42:53 finetune.py:321] INFO     [3/5] Stage 0 = 0.1135(0.1242)	Stage 1 = 0.0960(0.1089)	Stage 2 = 0.0626(0.0771)	Stage 3 = 0.0555(0.0706)
[2020-06-25 13:42:53 finetune.py:321] INFO     [4/5] Stage 0 = 0.1275(0.1248)	Stage 1 = 0.1119(0.1095)	Stage 2 = 0.0722(0.0761)	Stage 3 = 0.0670(0.0699)
[2020-06-25 13:42:53 finetune.py:324] INFO     Average test 3-Pixel Error = Stage 0=0.1248, Stage 1=0.1095, Stage 2=0.0761, Stage 3=0.0699
[2020-06-25 13:42:53 finetune.py:140] INFO     This is 2-th epoch
[2020-06-25 13:42:54 finetune.py:221] INFO     Epoch2 [1/27] Stage 0 = 0.25(0.29)	Stage 1 = 0.46(0.54)	Stage 2 = 0.73(0.86)
[2020-06-25 13:42:54 finetune.py:221] INFO     Epoch2 [2/27] Stage 0 = 0.34(0.31)	Stage 1 = 0.67(0.58)	Stage 2 = 1.17(0.96)
[2020-06-25 13:42:54 finetune.py:221] INFO     Epoch2 [3/27] Stage 0 = 0.24(0.29)	Stage 1 = 0.46(0.55)	Stage 2 = 0.77(0.92)
[2020-06-25 13:42:55 finetune.py:221] INFO     Epoch2 [4/27] Stage 0 = 0.42(0.32)	Stage 1 = 0.81(0.60)	Stage 2 = 1.37(1.01)
[2020-06-25 13:42:55 finetune.py:221] INFO     Epoch2 [6/27] Stage 0 = 0.37(0.34)	Stage 1 = 0.68(0.64)	Stage 2 = 1.10(1.06)
[2020-06-25 13:42:55 finetune.py:221] INFO     Epoch2 [7/27] Stage 0 = 0.27(0.33)	Stage 1 = 0.52(0.62)	Stage 2 = 0.81(1.03)
[2020-06-25 13:42:55 finetune.py:221] INFO     Epoch2 [8/27] Stage 0 = 0.41(0.34)	Stage 1 = 0.75(0.64)	Stage 2 = 1.23(1.05)
[2020-06-25 13:42:55 finetune.py:221] INFO     Epoch2 [9/27] Stage 0 = 0.34(0.34)	Stage 1 = 0.64(0.64)	Stage 2 = 1.05(1.05)
[2020-06-25 13:42:55 finetune.py:221] INFO     Epoch2 [11/27] Stage 0 = 0.29(0.35)	Stage 1 = 0.51(0.65)	Stage 2 = 0.82(1.08)
[2020-06-25 13:42:56 finetune.py:221] INFO     Epoch2 [12/27] Stage 0 = 0.35(0.35)	Stage 1 = 0.63(0.65)	Stage 2 = 1.01(1.07)
[2020-06-25 13:42:56 finetune.py:221] INFO     Epoch2 [13/27] Stage 0 = 0.44(0.36)	Stage 1 = 0.80(0.66)	Stage 2 = 1.22(1.08)
[2020-06-25 13:42:56 finetune.py:221] INFO     Epoch2 [14/27] Stage 0 = 0.34(0.35)	Stage 1 = 0.65(0.66)	Stage 2 = 1.13(1.09)
[2020-06-25 13:42:56 finetune.py:221] INFO     Epoch2 [16/27] Stage 0 = 0.42(0.36)	Stage 1 = 0.78(0.68)	Stage 2 = 1.32(1.12)
[2020-06-25 13:42:56 finetune.py:221] INFO     Epoch2 [17/27] Stage 0 = 0.34(0.36)	Stage 1 = 0.62(0.67)	Stage 2 = 1.02(1.11)
[2020-06-25 13:42:57 finetune.py:221] INFO     Epoch2 [18/27] Stage 0 = 0.32(0.36)	Stage 1 = 0.59(0.67)	Stage 2 = 0.89(1.10)
[2020-06-25 13:42:57 finetune.py:221] INFO     Epoch2 [19/27] Stage 0 = 0.32(0.36)	Stage 1 = 0.60(0.67)	Stage 2 = 0.97(1.09)
[2020-06-25 13:42:57 finetune.py:221] INFO     Epoch2 [21/27] Stage 0 = 0.39(0.36)	Stage 1 = 0.70(0.67)	Stage 2 = 1.15(1.10)
[2020-06-25 13:42:57 finetune.py:221] INFO     Epoch2 [22/27] Stage 0 = 0.37(0.36)	Stage 1 = 0.74(0.67)	Stage 2 = 1.29(1.11)
[2020-06-25 13:42:57 finetune.py:221] INFO     Epoch2 [23/27] Stage 0 = 0.38(0.36)	Stage 1 = 0.71(0.67)	Stage 2 = 1.19(1.11)
[2020-06-25 13:42:57 finetune.py:221] INFO     Epoch2 [24/27] Stage 0 = 0.29(0.36)	Stage 1 = 0.55(0.67)	Stage 2 = 0.84(1.10)
[2020-06-25 13:42:58 finetune.py:221] INFO     Epoch2 [26/27] Stage 0 = 0.29(0.35)	Stage 1 = 0.51(0.66)	Stage 2 = 0.77(1.08)
[2020-06-25 13:42:58 finetune.py:223] INFO     Average train loss = Stage 0 = 0.35	Stage 1 = 0.66	Stage 2 = 1.08	Stage 3 = 0.00
[2020-06-25 13:42:59 finetune.py:321] INFO     [0/5] Stage 0 = 0.1165(0.1165)	Stage 1 = 0.1038(0.1038)	Stage 2 = 0.0736(0.0736)	Stage 3 = 0.0666(0.0666)
[2020-06-25 13:42:59 finetune.py:321] INFO     [1/5] Stage 0 = 0.1456(0.1311)	Stage 1 = 0.1317(0.1177)	Stage 2 = 0.0973(0.0855)	Stage 3 = 0.0898(0.0782)
[2020-06-25 13:42:59 finetune.py:321] INFO     [2/5] Stage 0 = 0.1183(0.1268)	Stage 1 = 0.1025(0.1127)	Stage 2 = 0.0739(0.0816)	Stage 3 = 0.0685(0.0750)
[2020-06-25 13:42:59 finetune.py:321] INFO     [3/5] Stage 0 = 0.1154(0.1240)	Stage 1 = 0.0985(0.1091)	Stage 2 = 0.0621(0.0767)	Stage 3 = 0.0552(0.0700)
[2020-06-25 13:42:59 finetune.py:321] INFO     [4/5] Stage 0 = 0.1278(0.1247)	Stage 1 = 0.1139(0.1101)	Stage 2 = 0.0724(0.0758)	Stage 3 = 0.0669(0.0694)
[2020-06-25 13:42:59 finetune.py:324] INFO     Average test 3-Pixel Error = Stage 0=0.1247, Stage 1=0.1101, Stage 2=0.0758, Stage 3=0.0694
[2020-06-25 13:42:59 finetune.py:140] INFO     This is 3-th epoch
[2020-06-25 13:43:00 finetune.py:221] INFO     Epoch3 [1/27] Stage 0 = 0.43(0.46)	Stage 1 = 0.80(0.85)	Stage 2 = 1.37(1.42)
[2020-06-25 13:43:00 finetune.py:221] INFO     Epoch3 [2/27] Stage 0 = 0.35(0.42)	Stage 1 = 0.66(0.78)	Stage 2 = 1.15(1.33)
[2020-06-25 13:43:01 finetune.py:221] INFO     Epoch3 [3/27] Stage 0 = 0.36(0.41)	Stage 1 = 0.66(0.75)	Stage 2 = 1.05(1.26)
[2020-06-25 13:43:01 finetune.py:221] INFO     Epoch3 [4/27] Stage 0 = 0.27(0.38)	Stage 1 = 0.50(0.70)	Stage 2 = 0.81(1.17)
[2020-06-25 13:43:01 finetune.py:221] INFO     Epoch3 [6/27] Stage 0 = 0.36(0.38)	Stage 1 = 0.65(0.70)	Stage 2 = 1.02(1.16)
[2020-06-25 13:43:01 finetune.py:221] INFO     Epoch3 [7/27] Stage 0 = 0.25(0.36)	Stage 1 = 0.46(0.67)	Stage 2 = 0.74(1.11)
[2020-06-25 13:43:01 finetune.py:221] INFO     Epoch3 [8/27] Stage 0 = 0.26(0.35)	Stage 1 = 0.47(0.65)	Stage 2 = 0.77(1.07)
[2020-06-25 13:43:01 finetune.py:221] INFO     Epoch3 [9/27] Stage 0 = 0.25(0.34)	Stage 1 = 0.45(0.63)	Stage 2 = 0.69(1.03)
[2020-06-25 13:43:02 finetune.py:221] INFO     Epoch3 [11/27] Stage 0 = 0.28(0.33)	Stage 1 = 0.51(0.61)	Stage 2 = 0.76(1.00)
[2020-06-25 13:43:02 finetune.py:221] INFO     Epoch3 [12/27] Stage 0 = 0.30(0.33)	Stage 1 = 0.57(0.61)	Stage 2 = 1.00(1.00)
[2020-06-25 13:43:02 finetune.py:221] INFO     Epoch3 [13/27] Stage 0 = 0.44(0.33)	Stage 1 = 0.83(0.62)	Stage 2 = 1.39(1.03)
[2020-06-25 13:43:02 finetune.py:221] INFO     Epoch3 [14/27] Stage 0 = 0.27(0.33)	Stage 1 = 0.49(0.61)	Stage 2 = 0.87(1.02)
[2020-06-25 13:43:02 finetune.py:221] INFO     Epoch3 [16/27] Stage 0 = 0.65(0.35)	Stage 1 = 1.24(0.65)	Stage 2 = 2.23(1.08)
[2020-06-25 13:43:03 finetune.py:221] INFO     Epoch3 [17/27] Stage 0 = 0.35(0.35)	Stage 1 = 0.69(0.65)	Stage 2 = 1.16(1.08)
[2020-06-25 13:43:03 finetune.py:221] INFO     Epoch3 [18/27] Stage 0 = 0.28(0.34)	Stage 1 = 0.53(0.64)	Stage 2 = 0.90(1.07)
[2020-06-25 13:43:03 finetune.py:221] INFO     Epoch3 [19/27] Stage 0 = 0.34(0.34)	Stage 1 = 0.64(0.64)	Stage 2 = 1.07(1.07)
[2020-06-25 13:43:03 finetune.py:221] INFO     Epoch3 [21/27] Stage 0 = 0.33(0.34)	Stage 1 = 0.62(0.64)	Stage 2 = 1.03(1.06)
[2020-06-25 13:43:03 finetune.py:221] INFO     Epoch3 [22/27] Stage 0 = 0.27(0.34)	Stage 1 = 0.50(0.63)	Stage 2 = 0.83(1.05)
[2020-06-25 13:43:03 finetune.py:221] INFO     Epoch3 [23/27] Stage 0 = 0.33(0.34)	Stage 1 = 0.61(0.63)	Stage 2 = 0.95(1.05)
[2020-06-25 13:43:03 finetune.py:221] INFO     Epoch3 [24/27] Stage 0 = 0.27(0.34)	Stage 1 = 0.49(0.63)	Stage 2 = 0.82(1.04)
[2020-06-25 13:43:04 finetune.py:221] INFO     Epoch3 [26/27] Stage 0 = 0.38(0.33)	Stage 1 = 0.72(0.63)	Stage 2 = 1.21(1.04)
[2020-06-25 13:43:04 finetune.py:223] INFO     Average train loss = Stage 0 = 0.33	Stage 1 = 0.63	Stage 2 = 1.04	Stage 3 = 0.00
[2020-06-25 13:43:05 finetune.py:321] INFO     [0/5] Stage 0 = 0.1199(0.1199)	Stage 1 = 0.1047(0.1047)	Stage 2 = 0.0739(0.0739)	Stage 3 = 0.0672(0.0672)
[2020-06-25 13:43:05 finetune.py:321] INFO     [1/5] Stage 0 = 0.1361(0.1280)	Stage 1 = 0.1257(0.1152)	Stage 2 = 0.0932(0.0835)	Stage 3 = 0.0846(0.0759)
[2020-06-25 13:43:05 finetune.py:321] INFO     [2/5] Stage 0 = 0.1167(0.1242)	Stage 1 = 0.1014(0.1106)	Stage 2 = 0.0735(0.0802)	Stage 3 = 0.0687(0.0735)
[2020-06-25 13:43:05 finetune.py:321] INFO     [3/5] Stage 0 = 0.1144(0.1218)	Stage 1 = 0.0965(0.1071)	Stage 2 = 0.0610(0.0754)	Stage 3 = 0.0547(0.0688)
[2020-06-25 13:43:05 finetune.py:321] INFO     [4/5] Stage 0 = 0.1199(0.1214)	Stage 1 = 0.1076(0.1072)	Stage 2 = 0.0707(0.0744)	Stage 3 = 0.0657(0.0682)
[2020-06-25 13:43:05 finetune.py:324] INFO     Average test 3-Pixel Error = Stage 0=0.1214, Stage 1=0.1072, Stage 2=0.0744, Stage 3=0.0682
[2020-06-25 13:43:05 finetune.py:140] INFO     This is 4-th epoch
[2020-06-25 13:43:09 KITTIloader2015.py:33] INFO     [ 15  55 129 134 199  61 184 114 159   7 166 187  83   2  10   5 193 177
 108  34  71  62  12 192 172  54  29  66  70  27  40  32  77  13  35 173
   8  99 180  96]
[2020-06-25 13:43:09 finetune.py:94] INFO     channels_3d: 4
[2020-06-25 13:43:09 finetune.py:94] INFO     datapath: path-to-kitti2015/training/
[2020-06-25 13:43:09 finetune.py:94] INFO     datatype: 2015
[2020-06-25 13:43:09 finetune.py:94] INFO     dividedispby: 256
[2020-06-25 13:43:09 finetune.py:94] INFO     epochs: 15
[2020-06-25 13:43:09 finetune.py:94] INFO     evaluate: False
[2020-06-25 13:43:09 finetune.py:94] INFO     growth_rate: [4, 1, 1]
[2020-06-25 13:43:09 finetune.py:94] INFO     init_channels: 1
[2020-06-25 13:43:09 finetune.py:94] INFO     layers_3d: 4
[2020-06-25 13:43:09 finetune.py:94] INFO     loss_weights: [0.25, 0.5, 1.0, 1.0]
[2020-06-25 13:43:09 finetune.py:94] INFO     lr: 0.0005
[2020-06-25 13:43:09 finetune.py:94] INFO     max_disparity: 192
[2020-06-25 13:43:09 finetune.py:94] INFO     maxdisp: 192
[2020-06-25 13:43:09 finetune.py:94] INFO     maxdisplist: [12, 3, 3]
[2020-06-25 13:43:09 finetune.py:94] INFO     nblocks: 2
[2020-06-25 13:43:09 finetune.py:94] INFO     outdir: /home/haahm/Output_disparity_images/kitti2015
[2020-06-25 13:43:09 finetune.py:94] INFO     pretrained: checkpoint/kitti2015_ck/checkpoint.tar
[2020-06-25 13:43:09 finetune.py:94] INFO     print_freq: 5
[2020-06-25 13:43:09 finetune.py:94] INFO     resume: checkpoint/kitti2015_ck/checkpoint_2.tar
[2020-06-25 13:43:09 finetune.py:94] INFO     save_path: checkpoint/kitti2015_ck/
[2020-06-25 13:43:09 finetune.py:94] INFO     split_file: None
[2020-06-25 13:43:09 finetune.py:94] INFO     spn_init_channels: 8
[2020-06-25 13:43:09 finetune.py:94] INFO     start_epoch_for_spn: 121
[2020-06-25 13:43:09 finetune.py:94] INFO     test_bsize: 8
[2020-06-25 13:43:09 finetune.py:94] INFO     testheight: 368
[2020-06-25 13:43:09 finetune.py:94] INFO     testwidth: 1232
[2020-06-25 13:43:09 finetune.py:94] INFO     train_bsize: 6
[2020-06-25 13:43:09 finetune.py:94] INFO     with_spn: True
[2020-06-25 13:43:10 finetune.py:107] INFO     Number of model parameters: 43269
[2020-06-25 13:43:10 finetune.py:114] INFO     => loaded pretrained model 'checkpoint/kitti2015_ck/checkpoint.tar'
[2020-06-25 13:43:10 finetune.py:129] INFO     => no checkpoint found at 'checkpoint/kitti2015_ck/checkpoint_2.tar'
[2020-06-25 13:43:10 finetune.py:130] INFO     => Will start from scratch.
[2020-06-25 13:43:10 finetune.py:140] INFO     This is 0-th epoch
