[2020-06-25 13:46:26 KITTIloader2015.py:33] INFO     [128 160  18 166  25  16 163 119 136  45 162  54  15  90   8 154 144 168
  47 111  26 134  75 192  48  64 135 187  86   9 115 125  70 140 109 110
  65 179 150  46]
[2020-06-25 13:46:26 finetune.py:94] INFO     channels_3d: 4
[2020-06-25 13:46:26 finetune.py:94] INFO     datapath: path-to-kitti2015/training/
[2020-06-25 13:46:26 finetune.py:94] INFO     datatype: 2015
[2020-06-25 13:46:26 finetune.py:94] INFO     dividedispby: 256
[2020-06-25 13:46:26 finetune.py:94] INFO     epochs: 15
[2020-06-25 13:46:26 finetune.py:94] INFO     evaluate: False
[2020-06-25 13:46:26 finetune.py:94] INFO     growth_rate: [4, 1, 1]
[2020-06-25 13:46:26 finetune.py:94] INFO     init_channels: 1
[2020-06-25 13:46:26 finetune.py:94] INFO     layers_3d: 4
[2020-06-25 13:46:26 finetune.py:94] INFO     loss_weights: [0.25, 0.5, 1.0, 1.0]
[2020-06-25 13:46:26 finetune.py:94] INFO     lr: 0.0005
[2020-06-25 13:46:26 finetune.py:94] INFO     max_disparity: 192
[2020-06-25 13:46:26 finetune.py:94] INFO     maxdisp: 192
[2020-06-25 13:46:26 finetune.py:94] INFO     maxdisplist: [12, 3, 3]
[2020-06-25 13:46:26 finetune.py:94] INFO     nblocks: 2
[2020-06-25 13:46:26 finetune.py:94] INFO     outdir: /home/haahm/Output_disparity_images/kitti2015
[2020-06-25 13:46:26 finetune.py:94] INFO     pretrained: checkpoint/kitti2015_ck/checkpoint.tar
[2020-06-25 13:46:26 finetune.py:94] INFO     print_freq: 5
[2020-06-25 13:46:26 finetune.py:94] INFO     resume: checkpoint/kitti2015_ck_new/checkpoint.tar
[2020-06-25 13:46:26 finetune.py:94] INFO     save_path: checkpoint/kitti2015_ck_new/
[2020-06-25 13:46:26 finetune.py:94] INFO     split_file: None
[2020-06-25 13:46:26 finetune.py:94] INFO     spn_init_channels: 8
[2020-06-25 13:46:26 finetune.py:94] INFO     start_epoch_for_spn: 121
[2020-06-25 13:46:26 finetune.py:94] INFO     test_bsize: 8
[2020-06-25 13:46:26 finetune.py:94] INFO     testheight: 368
[2020-06-25 13:46:26 finetune.py:94] INFO     testwidth: 1232
[2020-06-25 13:46:26 finetune.py:94] INFO     train_bsize: 6
[2020-06-25 13:46:26 finetune.py:94] INFO     with_spn: True
[2020-06-25 13:46:27 finetune.py:107] INFO     Number of model parameters: 43269
[2020-06-25 13:46:27 finetune.py:114] INFO     => loaded pretrained model 'checkpoint/kitti2015_ck/checkpoint.tar'
[2020-06-25 13:46:27 finetune.py:129] INFO     => no checkpoint found at 'checkpoint/kitti2015_ck_new/checkpoint.tar'
[2020-06-25 13:46:27 finetune.py:130] INFO     => Will start from scratch.
[2020-06-25 13:46:27 finetune.py:140] INFO     This is 0-th epoch
[2020-06-25 13:46:30 finetune.py:221] INFO     Epoch0 [1/27] Stage 0 = 0.36(0.41)	Stage 1 = 0.66(0.75)	Stage 2 = 1.00(1.16)
[2020-06-25 13:46:30 finetune.py:221] INFO     Epoch0 [2/27] Stage 0 = 0.28(0.37)	Stage 1 = 0.53(0.68)	Stage 2 = 0.91(1.08)
[2020-06-25 13:46:30 finetune.py:221] INFO     Epoch0 [3/27] Stage 0 = 0.40(0.37)	Stage 1 = 0.74(0.69)	Stage 2 = 1.21(1.11)
[2020-06-25 13:46:30 finetune.py:221] INFO     Epoch0 [4/27] Stage 0 = 0.40(0.38)	Stage 1 = 0.73(0.70)	Stage 2 = 1.13(1.11)
[2020-06-25 13:46:30 finetune.py:221] INFO     Epoch0 [6/27] Stage 0 = 0.35(0.36)	Stage 1 = 0.68(0.67)	Stage 2 = 1.23(1.09)
[2020-06-25 13:46:30 finetune.py:221] INFO     Epoch0 [7/27] Stage 0 = 0.38(0.36)	Stage 1 = 0.71(0.67)	Stage 2 = 1.02(1.08)
[2020-06-25 13:46:30 finetune.py:221] INFO     Epoch0 [8/27] Stage 0 = 0.37(0.36)	Stage 1 = 0.68(0.67)	Stage 2 = 1.13(1.09)
[2020-06-25 13:46:30 finetune.py:221] INFO     Epoch0 [9/27] Stage 0 = 0.40(0.37)	Stage 1 = 0.72(0.68)	Stage 2 = 1.23(1.10)
[2020-06-25 13:46:30 finetune.py:221] INFO     Epoch0 [11/27] Stage 0 = 0.33(0.36)	Stage 1 = 0.59(0.66)	Stage 2 = 0.94(1.07)
[2020-06-25 13:46:31 finetune.py:221] INFO     Epoch0 [12/27] Stage 0 = 0.31(0.35)	Stage 1 = 0.57(0.65)	Stage 2 = 0.83(1.05)
[2020-06-25 13:46:31 finetune.py:221] INFO     Epoch0 [13/27] Stage 0 = 0.30(0.35)	Stage 1 = 0.58(0.65)	Stage 2 = 1.01(1.05)
[2020-06-25 13:46:31 finetune.py:221] INFO     Epoch0 [14/27] Stage 0 = 0.35(0.35)	Stage 1 = 0.66(0.65)	Stage 2 = 1.13(1.06)
[2020-06-25 13:46:31 finetune.py:221] INFO     Epoch0 [16/27] Stage 0 = 0.27(0.35)	Stage 1 = 0.50(0.65)	Stage 2 = 0.91(1.06)
[2020-06-25 13:46:31 finetune.py:221] INFO     Epoch0 [17/27] Stage 0 = 0.26(0.34)	Stage 1 = 0.49(0.64)	Stage 2 = 0.89(1.05)
[2020-06-25 13:46:31 finetune.py:221] INFO     Epoch0 [18/27] Stage 0 = 0.32(0.34)	Stage 1 = 0.62(0.64)	Stage 2 = 1.05(1.05)
[2020-06-25 13:46:31 finetune.py:221] INFO     Epoch0 [19/27] Stage 0 = 0.35(0.34)	Stage 1 = 0.67(0.64)	Stage 2 = 1.17(1.06)
[2020-06-25 13:46:32 finetune.py:221] INFO     Epoch0 [21/27] Stage 0 = 0.23(0.34)	Stage 1 = 0.44(0.64)	Stage 2 = 0.76(1.05)
[2020-06-25 13:46:32 finetune.py:221] INFO     Epoch0 [22/27] Stage 0 = 0.29(0.34)	Stage 1 = 0.55(0.63)	Stage 2 = 0.94(1.05)
[2020-06-25 13:46:32 finetune.py:221] INFO     Epoch0 [23/27] Stage 0 = 0.35(0.34)	Stage 1 = 0.67(0.63)	Stage 2 = 1.10(1.05)
[2020-06-25 13:46:32 finetune.py:221] INFO     Epoch0 [24/27] Stage 0 = 0.29(0.34)	Stage 1 = 0.54(0.63)	Stage 2 = 0.90(1.04)
[2020-06-25 13:46:32 finetune.py:221] INFO     Epoch0 [26/27] Stage 0 = 0.31(0.34)	Stage 1 = 0.60(0.63)	Stage 2 = 1.05(1.04)
[2020-06-25 13:46:32 finetune.py:223] INFO     Average train loss = Stage 0 = 0.34	Stage 1 = 0.63	Stage 2 = 1.04	Stage 3 = 0.00
[2020-06-25 13:46:34 finetune.py:321] INFO     [0/5] Stage 0 = 0.1565(0.1565)	Stage 1 = 0.1400(0.1400)	Stage 2 = 0.0928(0.0928)	Stage 3 = 0.0831(0.0831)
[2020-06-25 13:46:34 finetune.py:321] INFO     [1/5] Stage 0 = 0.1563(0.1564)	Stage 1 = 0.1424(0.1412)	Stage 2 = 0.1004(0.0966)	Stage 3 = 0.0946(0.0889)
[2020-06-25 13:46:34 finetune.py:321] INFO     [2/5] Stage 0 = 0.1259(0.1462)	Stage 1 = 0.1121(0.1315)	Stage 2 = 0.0692(0.0875)	Stage 3 = 0.0629(0.0802)
[2020-06-25 13:46:34 finetune.py:321] INFO     [3/5] Stage 0 = 0.1304(0.1423)	Stage 1 = 0.1191(0.1284)	Stage 2 = 0.0825(0.0862)	Stage 3 = 0.0751(0.0789)
[2020-06-25 13:46:34 finetune.py:321] INFO     [4/5] Stage 0 = 0.1196(0.1377)	Stage 1 = 0.1080(0.1243)	Stage 2 = 0.0699(0.0830)	Stage 3 = 0.0629(0.0757)
[2020-06-25 13:46:34 finetune.py:324] INFO     Average test 3-Pixel Error = Stage 0=0.1377, Stage 1=0.1243, Stage 2=0.0830, Stage 3=0.0757
[2020-06-25 13:46:34 finetune.py:140] INFO     This is 1-th epoch
[2020-06-25 13:46:35 finetune.py:221] INFO     Epoch1 [1/27] Stage 0 = 0.28(0.34)	Stage 1 = 0.52(0.64)	Stage 2 = 0.84(1.07)
[2020-06-25 13:46:35 finetune.py:221] INFO     Epoch1 [2/27] Stage 0 = 0.27(0.32)	Stage 1 = 0.49(0.59)	Stage 2 = 0.75(0.96)
[2020-06-25 13:46:35 finetune.py:221] INFO     Epoch1 [3/27] Stage 0 = 0.42(0.34)	Stage 1 = 0.76(0.63)	Stage 2 = 1.17(1.02)
[2020-06-25 13:46:36 finetune.py:221] INFO     Epoch1 [4/27] Stage 0 = 0.39(0.35)	Stage 1 = 0.73(0.65)	Stage 2 = 1.24(1.06)
[2020-06-25 13:46:36 finetune.py:221] INFO     Epoch1 [6/27] Stage 0 = 0.25(0.33)	Stage 1 = 0.46(0.62)	Stage 2 = 0.77(1.01)
[2020-06-25 13:46:36 finetune.py:221] INFO     Epoch1 [7/27] Stage 0 = 0.29(0.33)	Stage 1 = 0.53(0.61)	Stage 2 = 0.85(0.99)
[2020-06-25 13:46:36 finetune.py:221] INFO     Epoch1 [8/27] Stage 0 = 0.42(0.34)	Stage 1 = 0.78(0.62)	Stage 2 = 1.25(1.02)
[2020-06-25 13:46:36 finetune.py:221] INFO     Epoch1 [9/27] Stage 0 = 0.27(0.33)	Stage 1 = 0.48(0.61)	Stage 2 = 0.75(0.99)
[2020-06-25 13:46:36 finetune.py:221] INFO     Epoch1 [11/27] Stage 0 = 0.30(0.34)	Stage 1 = 0.57(0.64)	Stage 2 = 0.96(1.04)
[2020-06-25 13:46:37 finetune.py:221] INFO     Epoch1 [12/27] Stage 0 = 0.40(0.35)	Stage 1 = 0.78(0.65)	Stage 2 = 1.37(1.07)
[2020-06-25 13:46:37 finetune.py:221] INFO     Epoch1 [13/27] Stage 0 = 0.49(0.36)	Stage 1 = 0.96(0.67)	Stage 2 = 1.72(1.11)
[2020-06-25 13:46:37 finetune.py:221] INFO     Epoch1 [14/27] Stage 0 = 0.29(0.35)	Stage 1 = 0.57(0.66)	Stage 2 = 0.93(1.10)
[2020-06-25 13:46:37 finetune.py:221] INFO     Epoch1 [16/27] Stage 0 = 0.35(0.35)	Stage 1 = 0.63(0.65)	Stage 2 = 1.02(1.08)
[2020-06-25 13:46:37 finetune.py:221] INFO     Epoch1 [17/27] Stage 0 = 0.23(0.34)	Stage 1 = 0.41(0.64)	Stage 2 = 0.65(1.06)
[2020-06-25 13:46:38 finetune.py:221] INFO     Epoch1 [18/27] Stage 0 = 0.38(0.34)	Stage 1 = 0.70(0.64)	Stage 2 = 1.19(1.06)
[2020-06-25 13:46:38 finetune.py:221] INFO     Epoch1 [19/27] Stage 0 = 0.45(0.35)	Stage 1 = 0.83(0.65)	Stage 2 = 1.43(1.08)
[2020-06-25 13:46:38 finetune.py:221] INFO     Epoch1 [21/27] Stage 0 = 0.39(0.34)	Stage 1 = 0.72(0.64)	Stage 2 = 1.15(1.07)
[2020-06-25 13:46:38 finetune.py:221] INFO     Epoch1 [22/27] Stage 0 = 0.60(0.36)	Stage 1 = 1.13(0.67)	Stage 2 = 1.89(1.11)
[2020-06-25 13:46:38 finetune.py:221] INFO     Epoch1 [23/27] Stage 0 = 0.34(0.36)	Stage 1 = 0.65(0.66)	Stage 2 = 1.01(1.10)
[2020-06-25 13:46:38 finetune.py:221] INFO     Epoch1 [24/27] Stage 0 = 0.39(0.36)	Stage 1 = 0.72(0.67)	Stage 2 = 1.15(1.10)
[2020-06-25 13:46:39 finetune.py:221] INFO     Epoch1 [26/27] Stage 0 = 0.23(0.35)	Stage 1 = 0.43(0.65)	Stage 2 = 0.71(1.08)
[2020-06-25 13:46:39 finetune.py:223] INFO     Average train loss = Stage 0 = 0.35	Stage 1 = 0.65	Stage 2 = 1.08	Stage 3 = 0.00
[2020-06-25 13:46:40 finetune.py:321] INFO     [0/5] Stage 0 = 0.1502(0.1502)	Stage 1 = 0.1337(0.1337)	Stage 2 = 0.0897(0.0897)	Stage 3 = 0.0808(0.0808)
[2020-06-25 13:46:40 finetune.py:321] INFO     [1/5] Stage 0 = 0.1615(0.1559)	Stage 1 = 0.1434(0.1385)	Stage 2 = 0.0999(0.0948)	Stage 3 = 0.0941(0.0874)
[2020-06-25 13:46:40 finetune.py:321] INFO     [2/5] Stage 0 = 0.1233(0.1450)	Stage 1 = 0.1084(0.1285)	Stage 2 = 0.0668(0.0855)	Stage 3 = 0.0600(0.0783)
[2020-06-25 13:46:40 finetune.py:321] INFO     [3/5] Stage 0 = 0.1324(0.1419)	Stage 1 = 0.1193(0.1262)	Stage 2 = 0.0805(0.0842)	Stage 3 = 0.0721(0.0767)
[2020-06-25 13:46:40 finetune.py:321] INFO     [4/5] Stage 0 = 0.1197(0.1374)	Stage 1 = 0.1076(0.1225)	Stage 2 = 0.0708(0.0816)	Stage 3 = 0.0634(0.0741)
[2020-06-25 13:46:40 finetune.py:324] INFO     Average test 3-Pixel Error = Stage 0=0.1374, Stage 1=0.1225, Stage 2=0.0816, Stage 3=0.0741
[2020-06-25 13:46:40 finetune.py:140] INFO     This is 2-th epoch
[2020-06-25 13:46:41 finetune.py:221] INFO     Epoch2 [1/27] Stage 0 = 0.35(0.36)	Stage 1 = 0.66(0.67)	Stage 2 = 1.04(1.10)
[2020-06-25 13:46:41 finetune.py:221] INFO     Epoch2 [2/27] Stage 0 = 0.41(0.37)	Stage 1 = 0.78(0.71)	Stage 2 = 1.31(1.17)
[2020-06-25 13:46:41 finetune.py:221] INFO     Epoch2 [3/27] Stage 0 = 0.35(0.37)	Stage 1 = 0.65(0.69)	Stage 2 = 0.95(1.11)
[2020-06-25 13:46:42 finetune.py:221] INFO     Epoch2 [4/27] Stage 0 = 0.37(0.37)	Stage 1 = 0.72(0.70)	Stage 2 = 1.26(1.14)
[2020-06-25 13:46:42 finetune.py:221] INFO     Epoch2 [6/27] Stage 0 = 0.32(0.35)	Stage 1 = 0.60(0.66)	Stage 2 = 0.96(1.09)
[2020-06-25 13:46:42 finetune.py:221] INFO     Epoch2 [7/27] Stage 0 = 0.46(0.36)	Stage 1 = 0.88(0.69)	Stage 2 = 1.64(1.16)
[2020-06-25 13:46:42 finetune.py:221] INFO     Epoch2 [8/27] Stage 0 = 0.29(0.36)	Stage 1 = 0.54(0.67)	Stage 2 = 0.90(1.13)
[2020-06-25 13:46:42 finetune.py:221] INFO     Epoch2 [9/27] Stage 0 = 0.32(0.35)	Stage 1 = 0.59(0.67)	Stage 2 = 0.98(1.11)
[2020-06-25 13:46:43 finetune.py:221] INFO     Epoch2 [11/27] Stage 0 = 0.35(0.35)	Stage 1 = 0.64(0.65)	Stage 2 = 1.04(1.09)
[2020-06-25 13:46:43 finetune.py:221] INFO     Epoch2 [12/27] Stage 0 = 0.39(0.35)	Stage 1 = 0.73(0.66)	Stage 2 = 1.23(1.10)
[2020-06-25 13:46:43 finetune.py:221] INFO     Epoch2 [13/27] Stage 0 = 0.42(0.35)	Stage 1 = 0.77(0.67)	Stage 2 = 1.23(1.11)
[2020-06-25 13:46:43 finetune.py:221] INFO     Epoch2 [14/27] Stage 0 = 0.45(0.36)	Stage 1 = 0.85(0.68)	Stage 2 = 1.44(1.13)
[2020-06-25 13:46:43 finetune.py:221] INFO     Epoch2 [16/27] Stage 0 = 0.36(0.35)	Stage 1 = 0.66(0.67)	Stage 2 = 1.04(1.11)
[2020-06-25 13:46:44 finetune.py:221] INFO     Epoch2 [17/27] Stage 0 = 0.32(0.35)	Stage 1 = 0.59(0.66)	Stage 2 = 0.97(1.10)
[2020-06-25 13:46:44 finetune.py:221] INFO     Epoch2 [18/27] Stage 0 = 0.39(0.35)	Stage 1 = 0.75(0.67)	Stage 2 = 1.22(1.10)
[2020-06-25 13:46:44 finetune.py:221] INFO     Epoch2 [19/27] Stage 0 = 0.41(0.36)	Stage 1 = 0.79(0.67)	Stage 2 = 1.47(1.12)
[2020-06-25 13:46:44 finetune.py:221] INFO     Epoch2 [21/27] Stage 0 = 0.31(0.35)	Stage 1 = 0.61(0.66)	Stage 2 = 1.09(1.11)
[2020-06-25 13:46:44 finetune.py:221] INFO     Epoch2 [22/27] Stage 0 = 0.26(0.35)	Stage 1 = 0.50(0.66)	Stage 2 = 0.87(1.10)
[2020-06-25 13:46:44 finetune.py:221] INFO     Epoch2 [23/27] Stage 0 = 0.35(0.35)	Stage 1 = 0.66(0.66)	Stage 2 = 1.10(1.10)
[2020-06-25 13:46:44 finetune.py:221] INFO     Epoch2 [24/27] Stage 0 = 0.40(0.35)	Stage 1 = 0.76(0.66)	Stage 2 = 1.33(1.11)
[2020-06-25 13:46:45 finetune.py:221] INFO     Epoch2 [26/27] Stage 0 = 0.32(0.35)	Stage 1 = 0.58(0.67)	Stage 2 = 0.88(1.12)
[2020-06-25 13:46:45 finetune.py:223] INFO     Average train loss = Stage 0 = 0.35	Stage 1 = 0.67	Stage 2 = 1.12	Stage 3 = 0.00
[2020-06-25 13:46:46 finetune.py:321] INFO     [0/5] Stage 0 = 0.1498(0.1498)	Stage 1 = 0.1331(0.1331)	Stage 2 = 0.0895(0.0895)	Stage 3 = 0.0804(0.0804)
[2020-06-25 13:46:46 finetune.py:321] INFO     [1/5] Stage 0 = 0.1600(0.1549)	Stage 1 = 0.1434(0.1383)	Stage 2 = 0.1028(0.0961)	Stage 3 = 0.0974(0.0889)
[2020-06-25 13:46:46 finetune.py:321] INFO     [2/5] Stage 0 = 0.1252(0.1450)	Stage 1 = 0.1109(0.1292)	Stage 2 = 0.0684(0.0869)	Stage 3 = 0.0625(0.0801)
[2020-06-25 13:46:46 finetune.py:321] INFO     [3/5] Stage 0 = 0.1309(0.1415)	Stage 1 = 0.1203(0.1269)	Stage 2 = 0.0838(0.0861)	Stage 3 = 0.0767(0.0792)
[2020-06-25 13:46:46 finetune.py:321] INFO     [4/5] Stage 0 = 0.1162(0.1364)	Stage 1 = 0.1047(0.1225)	Stage 2 = 0.0707(0.0830)	Stage 3 = 0.0646(0.0763)
[2020-06-25 13:46:46 finetune.py:324] INFO     Average test 3-Pixel Error = Stage 0=0.1364, Stage 1=0.1225, Stage 2=0.0830, Stage 3=0.0763
[2020-06-25 13:46:47 finetune.py:140] INFO     This is 3-th epoch
[2020-06-25 13:46:47 finetune.py:221] INFO     Epoch3 [1/27] Stage 0 = 0.41(0.35)	Stage 1 = 0.77(0.65)	Stage 2 = 1.38(1.11)
[2020-06-25 13:46:47 finetune.py:221] INFO     Epoch3 [2/27] Stage 0 = 0.40(0.37)	Stage 1 = 0.77(0.69)	Stage 2 = 1.27(1.16)
[2020-06-25 13:46:48 finetune.py:221] INFO     Epoch3 [3/27] Stage 0 = 0.64(0.43)	Stage 1 = 1.21(0.82)	Stage 2 = 2.13(1.40)
[2020-06-25 13:46:48 finetune.py:221] INFO     Epoch3 [4/27] Stage 0 = 0.31(0.41)	Stage 1 = 0.57(0.77)	Stage 2 = 0.92(1.31)
[2020-06-25 13:46:48 finetune.py:221] INFO     Epoch3 [6/27] Stage 0 = 0.26(0.37)	Stage 1 = 0.48(0.69)	Stage 2 = 0.77(1.18)
[2020-06-25 13:46:48 finetune.py:221] INFO     Epoch3 [7/27] Stage 0 = 0.34(0.37)	Stage 1 = 0.64(0.69)	Stage 2 = 1.09(1.16)
[2020-06-25 13:47:07 KITTIloader2015.py:33] INFO     [158   9 130  65  42 163  60  67 194 127 184 187 192  34 183 165 198  27
 104  19  28 169 185 179 122 181  96 140  79  66  49 118 143   2 119  78
 146 129 105  22]
[2020-06-25 13:47:07 finetune.py:94] INFO     channels_3d: 4
[2020-06-25 13:47:07 finetune.py:94] INFO     datapath: path-to-kitti2015/training/
[2020-06-25 13:47:07 finetune.py:94] INFO     datatype: 2015
[2020-06-25 13:47:07 finetune.py:94] INFO     dividedispby: 256
[2020-06-25 13:47:07 finetune.py:94] INFO     epochs: 15
[2020-06-25 13:47:07 finetune.py:94] INFO     evaluate: False
[2020-06-25 13:47:07 finetune.py:94] INFO     growth_rate: [4, 1, 1]
[2020-06-25 13:47:07 finetune.py:94] INFO     init_channels: 1
[2020-06-25 13:47:07 finetune.py:94] INFO     layers_3d: 4
[2020-06-25 13:47:07 finetune.py:94] INFO     loss_weights: [0.25, 0.5, 1.0, 1.0]
[2020-06-25 13:47:07 finetune.py:94] INFO     lr: 0.0005
[2020-06-25 13:47:07 finetune.py:94] INFO     max_disparity: 192
[2020-06-25 13:47:07 finetune.py:94] INFO     maxdisp: 192
[2020-06-25 13:47:07 finetune.py:94] INFO     maxdisplist: [12, 3, 3]
[2020-06-25 13:47:07 finetune.py:94] INFO     nblocks: 2
[2020-06-25 13:47:07 finetune.py:94] INFO     outdir: /home/haahm/Output_disparity_images/kitti2015
[2020-06-25 13:47:07 finetune.py:94] INFO     pretrained: checkpoint/kitti2015_ck/checkpoint.tar
[2020-06-25 13:47:07 finetune.py:94] INFO     print_freq: 5
[2020-06-25 13:47:07 finetune.py:94] INFO     resume: checkpoint/kitti2015_ck_new/checkpoint.tar
[2020-06-25 13:47:07 finetune.py:94] INFO     save_path: checkpoint/kitti2015_ck_new/
[2020-06-25 13:47:07 finetune.py:94] INFO     split_file: None
[2020-06-25 13:47:07 finetune.py:94] INFO     spn_init_channels: 8
[2020-06-25 13:47:07 finetune.py:94] INFO     start_epoch_for_spn: 121
[2020-06-25 13:47:07 finetune.py:94] INFO     test_bsize: 8
[2020-06-25 13:47:07 finetune.py:94] INFO     testheight: 368
[2020-06-25 13:47:07 finetune.py:94] INFO     testwidth: 1232
[2020-06-25 13:47:07 finetune.py:94] INFO     train_bsize: 6
[2020-06-25 13:47:07 finetune.py:94] INFO     with_spn: True
[2020-06-25 13:47:08 finetune.py:107] INFO     Number of model parameters: 43269
[2020-06-25 13:47:08 finetune.py:114] INFO     => loaded pretrained model 'checkpoint/kitti2015_ck/checkpoint.tar'
[2020-06-25 13:47:08 finetune.py:121] INFO     => loading checkpoint 'checkpoint/kitti2015_ck_new/checkpoint.tar'
[2020-06-25 13:47:08 finetune.py:126] INFO     => loaded checkpoint 'checkpoint/kitti2015_ck_new/checkpoint.tar' (epoch 2)
[2020-06-25 13:47:08 finetune.py:140] INFO     This is 2-th epoch
[2020-06-25 13:47:10 finetune.py:221] INFO     Epoch2 [1/27] Stage 0 = 0.37(0.35)	Stage 1 = 0.70(0.66)	Stage 2 = 1.19(1.12)
[2020-06-25 13:47:10 finetune.py:221] INFO     Epoch2 [2/27] Stage 0 = 0.30(0.34)	Stage 1 = 0.57(0.63)	Stage 2 = 0.91(1.05)
[2020-06-25 13:47:10 finetune.py:221] INFO     Epoch2 [3/27] Stage 0 = 0.31(0.33)	Stage 1 = 0.61(0.63)	Stage 2 = 1.05(1.05)
[2020-06-25 13:47:10 finetune.py:221] INFO     Epoch2 [4/27] Stage 0 = 0.37(0.34)	Stage 1 = 0.68(0.64)	Stage 2 = 1.13(1.06)
[2020-06-25 13:47:10 finetune.py:221] INFO     Epoch2 [6/27] Stage 0 = 0.38(0.33)	Stage 1 = 0.70(0.63)	Stage 2 = 1.11(1.04)
[2020-06-25 13:47:11 finetune.py:221] INFO     Epoch2 [7/27] Stage 0 = 0.39(0.34)	Stage 1 = 0.72(0.64)	Stage 2 = 1.08(1.04)
[2020-06-25 13:47:11 finetune.py:221] INFO     Epoch2 [8/27] Stage 0 = 0.28(0.33)	Stage 1 = 0.51(0.62)	Stage 2 = 0.75(1.01)
[2020-06-25 13:47:11 finetune.py:221] INFO     Epoch2 [9/27] Stage 0 = 0.31(0.33)	Stage 1 = 0.56(0.62)	Stage 2 = 0.91(1.00)
[2020-06-25 13:47:11 finetune.py:221] INFO     Epoch2 [11/27] Stage 0 = 0.27(0.33)	Stage 1 = 0.50(0.61)	Stage 2 = 0.78(0.98)
[2020-06-25 13:47:11 finetune.py:221] INFO     Epoch2 [12/27] Stage 0 = 0.34(0.33)	Stage 1 = 0.64(0.61)	Stage 2 = 1.06(0.99)
[2020-06-25 13:47:11 finetune.py:221] INFO     Epoch2 [13/27] Stage 0 = 0.27(0.32)	Stage 1 = 0.48(0.60)	Stage 2 = 0.74(0.97)
[2020-06-25 13:47:11 finetune.py:221] INFO     Epoch2 [14/27] Stage 0 = 0.31(0.32)	Stage 1 = 0.58(0.60)	Stage 2 = 1.03(0.97)
[2020-06-25 13:47:11 finetune.py:221] INFO     Epoch2 [16/27] Stage 0 = 0.29(0.32)	Stage 1 = 0.54(0.60)	Stage 2 = 0.89(0.97)
[2020-06-25 13:47:12 finetune.py:221] INFO     Epoch2 [17/27] Stage 0 = 0.26(0.32)	Stage 1 = 0.48(0.59)	Stage 2 = 0.79(0.96)
[2020-06-25 13:47:12 finetune.py:221] INFO     Epoch2 [18/27] Stage 0 = 0.30(0.32)	Stage 1 = 0.59(0.59)	Stage 2 = 0.92(0.96)
[2020-06-25 13:47:12 finetune.py:221] INFO     Epoch2 [19/27] Stage 0 = 0.39(0.32)	Stage 1 = 0.74(0.60)	Stage 2 = 1.35(0.98)
[2020-06-25 13:47:12 finetune.py:221] INFO     Epoch2 [21/27] Stage 0 = 0.34(0.32)	Stage 1 = 0.63(0.60)	Stage 2 = 1.10(0.98)
[2020-06-25 13:47:12 finetune.py:221] INFO     Epoch2 [22/27] Stage 0 = 0.27(0.32)	Stage 1 = 0.50(0.59)	Stage 2 = 0.80(0.97)
[2020-06-25 13:47:12 finetune.py:221] INFO     Epoch2 [23/27] Stage 0 = 0.34(0.32)	Stage 1 = 0.64(0.60)	Stage 2 = 1.11(0.98)
[2020-06-25 13:47:13 finetune.py:221] INFO     Epoch2 [24/27] Stage 0 = 0.31(0.32)	Stage 1 = 0.59(0.60)	Stage 2 = 1.00(0.98)
[2020-06-25 13:47:13 finetune.py:221] INFO     Epoch2 [26/27] Stage 0 = 0.34(0.32)	Stage 1 = 0.64(0.60)	Stage 2 = 0.93(0.99)
[2020-06-25 13:47:13 finetune.py:223] INFO     Average train loss = Stage 0 = 0.32	Stage 1 = 0.60	Stage 2 = 0.99	Stage 3 = 0.00
[2020-06-25 13:47:14 finetune.py:321] INFO     [0/5] Stage 0 = 0.1334(0.1334)	Stage 1 = 0.1236(0.1236)	Stage 2 = 0.0870(0.0870)	Stage 3 = 0.0832(0.0832)
[2020-06-25 13:47:14 finetune.py:321] INFO     [1/5] Stage 0 = 0.1240(0.1287)	Stage 1 = 0.1076(0.1156)	Stage 2 = 0.0749(0.0809)	Stage 3 = 0.0696(0.0764)
[2020-06-25 13:47:14 finetune.py:321] INFO     [2/5] Stage 0 = 0.1877(0.1484)	Stage 1 = 0.1718(0.1343)	Stage 2 = 0.1370(0.0996)	Stage 3 = 0.1313(0.0947)
[2020-06-25 13:47:14 finetune.py:321] INFO     [3/5] Stage 0 = 0.1266(0.1430)	Stage 1 = 0.1145(0.1294)	Stage 2 = 0.0827(0.0954)	Stage 3 = 0.0720(0.0890)
[2020-06-25 13:47:15 finetune.py:321] INFO     [4/5] Stage 0 = 0.1369(0.1417)	Stage 1 = 0.1182(0.1272)	Stage 2 = 0.0701(0.0903)	Stage 3 = 0.0646(0.0841)
[2020-06-25 13:47:15 finetune.py:324] INFO     Average test 3-Pixel Error = Stage 0=0.1417, Stage 1=0.1272, Stage 2=0.0903, Stage 3=0.0841
[2020-06-25 13:47:15 finetune.py:140] INFO     This is 3-th epoch
[2020-06-25 13:47:16 finetune.py:221] INFO     Epoch3 [1/27] Stage 0 = 0.30(0.33)	Stage 1 = 0.54(0.61)	Stage 2 = 0.82(0.97)
[2020-06-25 13:47:16 finetune.py:221] INFO     Epoch3 [2/27] Stage 0 = 0.30(0.32)	Stage 1 = 0.55(0.59)	Stage 2 = 0.93(0.96)
[2020-06-25 13:47:16 finetune.py:221] INFO     Epoch3 [3/27] Stage 0 = 0.36(0.33)	Stage 1 = 0.68(0.61)	Stage 2 = 1.07(0.99)
[2020-06-25 13:47:16 finetune.py:221] INFO     Epoch3 [4/27] Stage 0 = 0.25(0.31)	Stage 1 = 0.46(0.58)	Stage 2 = 0.75(0.94)
[2020-06-25 13:47:16 finetune.py:221] INFO     Epoch3 [6/27] Stage 0 = 0.38(0.32)	Stage 1 = 0.67(0.59)	Stage 2 = 1.06(0.95)
[2020-06-25 13:47:16 finetune.py:221] INFO     Epoch3 [7/27] Stage 0 = 0.26(0.31)	Stage 1 = 0.49(0.57)	Stage 2 = 0.75(0.92)
[2020-06-25 13:47:17 finetune.py:221] INFO     Epoch3 [8/27] Stage 0 = 0.49(0.33)	Stage 1 = 0.94(0.61)	Stage 2 = 1.63(1.00)
[2020-06-25 13:47:17 finetune.py:221] INFO     Epoch3 [9/27] Stage 0 = 0.25(0.32)	Stage 1 = 0.45(0.60)	Stage 2 = 0.74(0.98)
[2020-06-25 13:47:17 finetune.py:221] INFO     Epoch3 [11/27] Stage 0 = 0.32(0.33)	Stage 1 = 0.59(0.60)	Stage 2 = 0.94(0.99)
[2020-06-25 13:47:17 finetune.py:221] INFO     Epoch3 [12/27] Stage 0 = 0.35(0.33)	Stage 1 = 0.67(0.61)	Stage 2 = 1.10(1.00)
[2020-06-25 13:47:17 finetune.py:221] INFO     Epoch3 [13/27] Stage 0 = 0.23(0.32)	Stage 1 = 0.42(0.60)	Stage 2 = 0.66(0.97)
[2020-06-25 13:47:17 finetune.py:221] INFO     Epoch3 [14/27] Stage 0 = 0.33(0.32)	Stage 1 = 0.62(0.60)	Stage 2 = 1.01(0.98)
[2020-06-25 13:47:18 finetune.py:221] INFO     Epoch3 [16/27] Stage 0 = 0.22(0.33)	Stage 1 = 0.42(0.62)	Stage 2 = 0.63(1.01)
[2020-06-25 13:47:18 finetune.py:221] INFO     Epoch3 [17/27] Stage 0 = 0.42(0.34)	Stage 1 = 0.78(0.63)	Stage 2 = 1.34(1.03)
[2020-06-25 13:47:18 finetune.py:221] INFO     Epoch3 [18/27] Stage 0 = 0.38(0.34)	Stage 1 = 0.72(0.63)	Stage 2 = 1.20(1.04)
[2020-06-25 13:47:18 finetune.py:221] INFO     Epoch3 [19/27] Stage 0 = 0.34(0.34)	Stage 1 = 0.66(0.64)	Stage 2 = 1.17(1.04)
[2020-06-25 13:47:18 finetune.py:221] INFO     Epoch3 [21/27] Stage 0 = 0.37(0.34)	Stage 1 = 0.69(0.64)	Stage 2 = 1.07(1.04)
[2020-06-25 13:47:18 finetune.py:221] INFO     Epoch3 [22/27] Stage 0 = 0.30(0.34)	Stage 1 = 0.55(0.64)	Stage 2 = 0.80(1.03)
[2020-06-25 13:47:19 finetune.py:221] INFO     Epoch3 [23/27] Stage 0 = 0.20(0.34)	Stage 1 = 0.36(0.62)	Stage 2 = 0.61(1.02)
[2020-06-25 13:47:19 finetune.py:221] INFO     Epoch3 [24/27] Stage 0 = 0.25(0.33)	Stage 1 = 0.48(0.62)	Stage 2 = 0.79(1.01)
[2020-06-25 13:47:19 finetune.py:221] INFO     Epoch3 [26/27] Stage 0 = 0.45(0.34)	Stage 1 = 0.86(0.63)	Stage 2 = 1.37(1.02)
[2020-06-25 13:47:19 finetune.py:223] INFO     Average train loss = Stage 0 = 0.34	Stage 1 = 0.63	Stage 2 = 1.02	Stage 3 = 0.00
[2020-06-25 13:47:20 finetune.py:321] INFO     [0/5] Stage 0 = 0.1364(0.1364)	Stage 1 = 0.1247(0.1247)	Stage 2 = 0.0868(0.0868)	Stage 3 = 0.0830(0.0830)
[2020-06-25 13:47:20 finetune.py:321] INFO     [1/5] Stage 0 = 0.1271(0.1318)	Stage 1 = 0.1094(0.1170)	Stage 2 = 0.0753(0.0811)	Stage 3 = 0.0704(0.0767)
[2020-06-25 13:47:20 finetune.py:321] INFO     [2/5] Stage 0 = 0.1953(0.1529)	Stage 1 = 0.1779(0.1373)	Stage 2 = 0.1400(0.1007)	Stage 3 = 0.1335(0.0957)
[2020-06-25 13:47:20 finetune.py:321] INFO     [3/5] Stage 0 = 0.1260(0.1462)	Stage 1 = 0.1125(0.1311)	Stage 2 = 0.0814(0.0959)	Stage 3 = 0.0701(0.0893)
[2020-06-25 13:47:21 finetune.py:321] INFO     [4/5] Stage 0 = 0.1401(0.1450)	Stage 1 = 0.1185(0.1286)	Stage 2 = 0.0709(0.0909)	Stage 3 = 0.0650(0.0844)
[2020-06-25 13:47:21 finetune.py:324] INFO     Average test 3-Pixel Error = Stage 0=0.1450, Stage 1=0.1286, Stage 2=0.0909, Stage 3=0.0844
[2020-06-25 13:47:21 finetune.py:140] INFO     This is 4-th epoch
